 (0.000000)  vcan0   12  [3] 00 00 00
 (0.001028)  vcan0   13  [3] 00 00 00
 (0.099665)  vcan0   12  [3] 01 00 00
 (0.000878)  vcan0   13  [3] 01 00 00
 (0.099321)  vcan0   12  [3] 02 00 00
 (0.000847)  vcan0   13  [3] 02 00 00
 (0.099345)  vcan0   12  [3] 03 00 00
 (0.000688)  vcan0   13  [3] 03 00 00
 (0.099507)  vcan0   12  [3] 04 00 00
 (0.000825)  vcan0   13  [3] 04 00 00
 (0.099417)  vcan0   12  [3] 05 00 00
 (0.000728)  vcan0   13  [3] 05 00 00
 (0.099618)  vcan0   12  [3] 06 00 00
 (0.000796)  vcan0   13  [3] 06 00 00
 (0.099403)  vcan0   12  [3] 07 00 00
 (0.000791)  vcan0   13  [3] 07 00 00
 (0.099408)  vcan0   12  [3] 08 00 00
 (0.000796)  vcan0   13  [3] 08 00 00
 (0.099401)  vcan0   12  [3] 09 00 00
 (0.000694)  vcan0   13  [3] 09 00 00
 (0.099498)  vcan0   12  [3] 0A 00 00
 (0.000688)  vcan0   13  [3] 0A 00 00
 (0.099509)  vcan0   12  [3] 0B 00 00
 (0.000609)  vcan0   13  [3] 0B 00 00
 (0.101122)  vcan0   12  [3] 0C 00 00
 (0.001652)  vcan0   13  [3] 0C 00 00
 (0.098555)  vcan0   12  [3] 0D 00 00
 (0.000652)  vcan0   13  [3] 0D 00 00
 (0.099538)  vcan0   12  [3] 0E 00 00
 (0.000706)  vcan0   13  [3] 0E 00 00
 (0.099483)  vcan0   12  [3] 0F 00 00
 (0.000659)  vcan0   13  [3] 0F 00 00
 (0.099526)  vcan0   12  [3] 10 00 00
 (0.000790)  vcan0   13  [3] 10 00 00
 (0.099421)  vcan0   12  [3] 11 00 00
 (0.000657)  vcan0   13  [3] 11 00 00
 (0.099537)  vcan0   12  [3] 12 00 00
 (0.000665)  vcan0   13  [3] 12 00 00
 (0.099535)  vcan0   12  [3] 13 00 00
 (0.000642)  vcan0   13  [3] 13 00 00
 (0.099546)  vcan0   12  [3] 14 00 00
 (0.000899)  vcan0   13  [3] 14 00 00
 (0.099290)  vcan0   12  [3] 15 00 00
 (0.000690)  vcan0   13  [3] 15 00 00
 (0.099500)  vcan0   12  [3] 16 00 00
 (0.000659)  vcan0   13  [3] 16 00 00
 (0.099530)  vcan0   12  [3] 17 00 00
 (0.000633)  vcan0   13  [3] 17 00 00
 (0.099563)  vcan0   12  [3] 18 00 00
 (0.000652)  vcan0   13  [3] 18 00 00
 (0.099536)  vcan0   12  [3] 19 00 00
 (0.000656)  vcan0   13  [3] 19 00 00
 (0.099532)  vcan0   12  [3] 1A 00 00
 (0.000652)  vcan0   13  [3] 1A 00 00
 (0.099541)  vcan0   12  [3] 1B 00 00
 (0.000672)  vcan0   13  [3] 1B 00 00
 (0.099518)  vcan0   12  [3] 1C 00 00
 (0.000661)  vcan0   13  [3] 1C 00 00
 (0.099532)  vcan0   12  [3] 1D 00 00
 (0.000632)  vcan0   13  [3] 1D 00 00
 (0.099562)  vcan0   12  [3] 1E 00 00
 (0.000646)  vcan0   13  [3] 1E 00 00
 (0.099546)  vcan0   12  [3] 1F 00 00
 (0.000677)  vcan0   13  [3] 1F 00 00
 (0.099512)  vcan0   12  [3] 20 00 00
 (0.000749)  vcan0   13  [3] 20 00 00
 (0.099514)  vcan0   12  [3] 21 00 00
 (0.000682)  vcan0   13  [3] 21 00 00
 (0.099509)  vcan0   12  [3] 22 00 00
 (0.000738)  vcan0   13  [3] 22 00 00
 (0.099452)  vcan0   12  [3] 23 00 00
 (0.000653)  vcan0   13  [3] 23 00 00
 (0.099540)  vcan0   12  [3] 24 00 00
 (0.000672)  vcan0   13  [3] 24 00 00
 (0.099521)  vcan0   12  [3] 25 00 00
 (0.000683)  vcan0   13  [3] 25 00 00
 (0.099506)  vcan0   12  [3] 26 00 00
 (0.000645)  vcan0   13  [3] 26 00 00
 (0.099549)  vcan0   12  [3] 27 00 00
 (0.000638)  vcan0   13  [3] 27 00 00
 (0.099551)  vcan0   12  [3] 28 00 00
 (0.000664)  vcan0   13  [3] 28 00 00
 (0.099529)  vcan0   12  [3] 29 00 00
 (0.000718)  vcan0   13  [3] 29 00 00
 (0.099475)  vcan0   12  [3] 2A 00 00
 (0.000673)  vcan0   13  [3] 2A 00 00
 (0.099520)  vcan0   12  [3] 2B 00 00
 (0.000651)  vcan0   13  [3] 2B 00 00
 (0.099537)  vcan0   12  [3] 2C 00 00
 (0.000651)  vcan0   13  [3] 2C 00 00
 (0.099540)  vcan0   12  [3] 2D 00 00
 (0.000640)  vcan0   13  [3] 2D 00 00
 (0.099551)  vcan0   12  [3] 2E 00 00
 (0.000681)  vcan0   13  [3] 2E 00 00
 (0.099512)  vcan0   12  [3] 2F 00 00
 (0.000670)  vcan0   13  [3] 2F 00 00
 (0.099543)  vcan0   12  [3] 30 00 00
 (0.000653)  vcan0   13  [3] 30 00 00
 (0.099546)  vcan0   12  [3] 31 00 00
 (0.000653)  vcan0   13  [3] 31 00 00
 (0.099536)  vcan0   12  [3] 32 00 00
 (0.000661)  vcan0   13  [3] 32 00 00
 (0.099534)  vcan0   12  [3] 33 00 00
 (0.000688)  vcan0   13  [3] 33 00 00
 (0.099504)  vcan0   12  [3] 34 00 00
 (0.000675)  vcan0   13  [3] 34 00 00
 (0.099520)  vcan0   12  [3] 35 00 00
 (0.000643)  vcan0   13  [3] 35 00 00
 (0.099570)  vcan0   12  [3] 36 00 00
 (0.000765)  vcan0   13  [3] 36 00 00
 (0.099431)  vcan0   12  [3] 37 00 00
 (0.000730)  vcan0   13  [3] 37 00 00
 (0.099460)  vcan0   12  [3] 38 00 00
 (0.000693)  vcan0   13  [3] 38 00 00
 (0.099503)  vcan0   12  [3] 39 00 00
 (0.000692)  vcan0   13  [3] 39 00 00
 (0.099501)  vcan0   12  [3] 3A 00 00
 (0.000647)  vcan0   13  [3] 3A 00 00
 (0.099547)  vcan0   12  [3] 3B 00 00
 (0.000666)  vcan0   13  [3] 3B 00 00
 (0.099548)  vcan0   12  [3] 3C 00 00
 (0.000658)  vcan0   13  [3] 3C 00 00
 (0.099538)  vcan0   12  [3] 3D 00 00
 (0.000663)  vcan0   13  [3] 3D 00 00
 (0.099526)  vcan0   12  [3] 3E 00 00
 (0.000670)  vcan0   13  [3] 3E 00 00
 (0.099517)  vcan0   12  [3] 3F 00 00
 (0.000628)  vcan0   13  [3] 3F 00 00
 (0.099557)  vcan0   12  [3] 40 00 00
 (0.000629)  vcan0   13  [3] 40 00 00
 (0.099563)  vcan0   12  [3] 41 00 00
 (0.000654)  vcan0   13  [3] 41 00 00
 (0.099559)  vcan0   12  [3] 42 00 00
 (0.000664)  vcan0   13  [3] 42 00 00
 (0.099532)  vcan0   12  [3] 43 00 00
 (0.000683)  vcan0   13  [3] 43 00 00
 (0.099502)  vcan0   12  [3] 44 00 00
 (0.000662)  vcan0   13  [3] 44 00 00
 (0.099532)  vcan0   12  [3] 45 00 00
 (0.000665)  vcan0   13  [3] 45 00 00
 (0.099528)  vcan0   12  [3] 46 00 00
 (0.000722)  vcan0   13  [3] 46 00 00
 (0.099467)  vcan0   12  [3] 47 00 00
 (0.000727)  vcan0   13  [3] 47 00 00
 (0.099478)  vcan0   12  [3] 48 00 00
 (0.000672)  vcan0   13  [3] 48 00 00
 (0.099559)  vcan0   12  [3] 49 00 00
 (0.000678)  vcan0   13  [3] 49 00 00
 (0.099511)  vcan0   12  [3] 4A 00 00
 (0.000658)  vcan0   13  [3] 4A 00 00
 (0.099531)  vcan0   12  [3] 4B 00 00
 (0.000716)  vcan0   13  [3] 4B 00 00
 (0.099470)  vcan0   12  [3] 4C 00 00
 (0.000673)  vcan0   13  [3] 4C 00 00
 (0.099519)  vcan0   12  [3] 4D 00 00
 (0.000655)  vcan0   13  [3] 4D 00 00
 (0.099532)  vcan0   12  [3] 4E 00 00
 (0.000662)  vcan0   13  [3] 4E 00 00
 (0.099515)  vcan0   12  [3] 4F 00 00
 (0.000657)  vcan0   13  [3] 4F 00 00
 (0.099532)  vcan0   12  [3] 50 00 00
 (0.000640)  vcan0   13  [3] 50 00 00
 (0.099551)  vcan0   12  [3] 51 00 00
 (0.000700)  vcan0   13  [3] 51 00 00
 (0.099489)  vcan0   12  [3] 52 00 00
 (0.000640)  vcan0   13  [3] 52 00 00
 (0.099547)  vcan0   12  [3] 53 00 00
 (0.000646)  vcan0   13  [3] 53 00 00
 (0.099568)  vcan0   12  [3] 54 00 00
 (0.000677)  vcan0   13  [3] 54 00 00
 (0.099520)  vcan0   12  [3] 55 00 00
 (0.000664)  vcan0   13  [3] 55 00 00
 (0.099524)  vcan0   12  [3] 56 00 00
 (0.000639)  vcan0   13  [3] 56 00 00
 (0.099551)  vcan0   12  [3] 57 00 00
 (0.000700)  vcan0   13  [3] 57 00 00
 (0.099487)  vcan0   12  [3] 58 00 00
 (0.000717)  vcan0   13  [3] 58 00 00
 (0.099478)  vcan0   12  [3] 59 00 00
 (0.000656)  vcan0   13  [3] 59 00 00
 (0.099536)  vcan0   12  [3] 5A 00 00
 (0.000664)  vcan0   13  [3] 5A 00 00
 (0.099531)  vcan0   12  [3] 5B 00 00
 (0.000701)  vcan0   13  [3] 5B 00 00
 (0.099491)  vcan0   12  [3] 5C 00 00
 (0.000666)  vcan0   13  [3] 5C 00 00
 (0.099522)  vcan0   12  [3] 5D 00 00
 (0.000674)  vcan0   13  [3] 5D 00 00
 (0.099510)  vcan0   12  [3] 5E 00 00
 (0.000633)  vcan0   13  [3] 5E 00 00
 (0.099557)  vcan0   12  [3] 5F 00 00
 (0.000653)  vcan0   13  [3] 5F 00 00
 (0.099540)  vcan0   12  [3] 60 00 00
 (0.000722)  vcan0   13  [3] 60 00 00
 (0.099476)  vcan0   12  [3] 61 00 00
 (0.000660)  vcan0   13  [3] 61 00 00
 (0.099530)  vcan0   12  [3] 62 00 00
 (0.000659)  vcan0   13  [3] 62 00 00
 (0.099536)  vcan0   12  [3] 63 00 00
 (0.000691)  vcan0   13  [3] 63 00 00
 (0.099491)  vcan0   12  [3] 64 00 00
 (0.000640)  vcan0   13  [3] 64 00 00
 (0.099549)  vcan0   12  [3] 65 00 00
 (0.000688)  vcan0   13  [3] 65 00 00
 (0.099503)  vcan0   12  [3] 66 00 00
 (0.000658)  vcan0   13  [3] 66 00 00
 (0.099534)  vcan0   12  [3] 67 00 00
 (0.000732)  vcan0   13  [3] 67 00 00
 (0.099458)  vcan0   12  [3] 68 00 00
 (0.000638)  vcan0   13  [3] 68 00 00
 (0.099556)  vcan0   12  [3] 69 00 00
 (0.000656)  vcan0   13  [3] 69 00 00
 (0.099535)  vcan0   12  [3] 6A 00 00
 (0.000660)  vcan0   13  [3] 6A 00 00
 (0.099533)  vcan0   12  [3] 6B 00 00
 (0.000661)  vcan0   13  [3] 6B 00 00
 (0.099534)  vcan0   12  [3] 6C 00 00
 (0.000693)  vcan0   13  [3] 6C 00 00
 (0.099506)  vcan0   12  [3] 6D 00 00
 (0.000685)  vcan0   13  [3] 6D 00 00
 (0.099505)  vcan0   12  [3] 6E 00 00
 (0.000640)  vcan0   13  [3] 6E 00 00
 (0.099553)  vcan0   12  [3] 6F 00 00
 (0.000667)  vcan0   13  [3] 6F 00 00
 (0.099522)  vcan0   12  [3] 70 00 00
 (0.000663)  vcan0   13  [3] 70 00 00
 (0.099528)  vcan0   12  [3] 71 00 00
 (0.000730)  vcan0   13  [3] 71 00 00
 (0.099464)  vcan0   12  [3] 72 00 00
 (0.000662)  vcan0   13  [3] 72 00 00
 (0.099561)  vcan0   12  [3] 73 00 00
 (0.000691)  vcan0   13  [3] 73 00 00
 (0.099498)  vcan0   12  [3] 74 00 00
 (0.000650)  vcan0   13  [3] 74 00 00
 (0.099545)  vcan0   12  [3] 75 00 00
 (0.000717)  vcan0   13  [3] 75 00 00
 (0.099472)  vcan0   12  [3] 76 00 00
 (0.000752)  vcan0   13  [3] 76 00 00
 (0.099442)  vcan0   12  [3] 77 00 00
 (0.000708)  vcan0   13  [3] 77 00 00
 (0.099484)  vcan0   12  [3] 78 00 00
 (0.000944)  vcan0   13  [3] 78 00 00
 (0.099255)  vcan0   12  [3] 79 00 00
 (0.000652)  vcan0   13  [3] 79 00 00
 (0.099524)  vcan0   12  [3] 7A 00 00
 (0.000615)  vcan0   13  [3] 7A 00 00
 (0.099572)  vcan0   12  [3] 7B 00 00
 (0.000728)  vcan0   13  [3] 7B 00 00
 (0.099458)  vcan0   12  [3] 7C 00 00
 (0.000656)  vcan0   13  [3] 7C 00 00
 (0.099531)  vcan0   12  [3] 7D 00 00
 (0.000639)  vcan0   13  [3] 7D 00 00
 (0.099557)  vcan0   12  [3] 7E 00 00
 (0.000649)  vcan0   13  [3] 7E 00 00
 (0.099546)  vcan0   12  [3] 7F 00 00
 (0.000696)  vcan0   13  [3] 7F 00 00
 (0.099493)  vcan0   12  [3] 80 00 00
 (0.000661)  vcan0   13  [3] 80 00 00
 (0.099530)  vcan0   12  [3] 81 00 00
 (0.000655)  vcan0   13  [3] 81 00 00
 (0.099529)  vcan0   12  [3] 82 00 00
 (0.000629)  vcan0   13  [3] 82 00 00
 (0.099562)  vcan0   12  [3] 83 00 00
 (0.000698)  vcan0   13  [3] 83 00 00
 (0.099507)  vcan0   12  [3] 84 00 00
 (0.000665)  vcan0   13  [3] 84 00 00
 (0.099526)  vcan0   12  [3] 85 00 00
 (0.000658)  vcan0   13  [3] 85 00 00
 (0.099531)  vcan0   12  [3] 86 00 00
 (0.000676)  vcan0   13  [3] 86 00 00
 (0.099515)  vcan0   12  [3] 87 00 00
 (0.000677)  vcan0   13  [3] 87 00 00
 (0.099476)  vcan0   12  [3] 88 00 00
 (0.000661)  vcan0   13  [3] 88 00 00
 (0.099531)  vcan0   12  [3] 89 00 00
 (0.000658)  vcan0   13  [3] 89 00 00
 (0.099548)  vcan0   12  [3] 8A 00 00
 (0.000721)  vcan0   13  [3] 8A 00 00
 (0.099474)  vcan0   12  [3] 8B 00 00
 (0.000669)  vcan0   13  [3] 8B 00 00
 (0.099523)  vcan0   12  [3] 8C 00 00
 (0.000744)  vcan0   13  [3] 8C 00 00
 (0.099449)  vcan0   12  [3] 8D 00 00
 (0.000673)  vcan0   13  [3] 8D 00 00
 (0.099516)  vcan0   12  [3] 8E 00 00
 (0.000641)  vcan0   13  [3] 8E 00 00
 (0.099546)  vcan0   12  [3] 8F 00 00
 (0.000657)  vcan0   13  [3] 8F 00 00
 (0.099547)  vcan0   12  [3] 90 00 00
 (0.000658)  vcan0   13  [3] 90 00 00
 (0.099537)  vcan0   12  [3] 91 00 00
 (0.000645)  vcan0   13  [3] 91 00 00
 (0.099544)  vcan0   12  [3] 92 00 00
 (0.000689)  vcan0   13  [3] 92 00 00
 (0.099500)  vcan0   12  [3] 93 00 00
 (0.000655)  vcan0   13  [3] 93 00 00
 (0.099533)  vcan0   12  [3] 94 00 00
 (0.000642)  vcan0   13  [3] 94 00 00
 (0.099547)  vcan0   12  [3] 95 00 00
 (0.000652)  vcan0   13  [3] 95 00 00
 (0.099539)  vcan0   12  [3] 96 00 00
 (0.000669)  vcan0   13  [3] 96 00 00
 (0.099524)  vcan0   12  [3] 97 00 00
 (0.000666)  vcan0   13  [3] 97 00 00
 (0.099526)  vcan0   12  [3] 98 00 00
 (0.000656)  vcan0   13  [3] 98 00 00
 (0.099534)  vcan0   12  [3] 99 00 00
 (0.000645)  vcan0   13  [3] 99 00 00
 (0.099540)  vcan0   12  [3] 9A 00 00
 (0.000635)  vcan0   13  [3] 9A 00 00
 (0.099554)  vcan0   12  [3] 9B 00 00
 (0.000701)  vcan0   13  [3] 9B 00 00
 (0.099488)  vcan0   12  [3] 9C 00 00
 (0.000698)  vcan0   13  [3] 9C 00 00
 (0.099497)  vcan0   12  [3] 9D 00 00
 (0.000650)  vcan0   13  [3] 9D 00 00
 (0.099537)  vcan0   12  [3] 9E 00 00
 (0.000649)  vcan0   13  [3] 9E 00 00
 (0.099545)  vcan0   12  [3] 9F 00 00
 (0.000722)  vcan0   13  [3] 9F 00 00
 (0.099466)  vcan0   12  [3] A0 00 00
 (0.000725)  vcan0   13  [3] A0 00 00
 (0.099460)  vcan0   12  [3] A1 00 00
 (0.000760)  vcan0   13  [3] A1 00 00
 (0.099438)  vcan0   12  [3] A2 00 00
 (0.000661)  vcan0   13  [3] A2 00 00
 (0.099529)  vcan0   12  [3] A3 00 00
 (0.000637)  vcan0   13  [3] A3 00 00
 (0.099549)  vcan0   12  [3] A4 00 00
 (0.000665)  vcan0   13  [3] A4 00 00
 (0.099527)  vcan0   12  [3] A5 00 00
 (0.000749)  vcan0   13  [3] A5 00 00
 (0.099441)  vcan0   12  [3] A6 00 00
 (0.000639)  vcan0   13  [3] A6 00 00
 (0.099545)  vcan0   12  [3] A7 00 00
 (0.000665)  vcan0   13  [3] A7 00 00
 (0.099542)  vcan0   12  [3] A8 00 00
 (0.000691)  vcan0   13  [3] A8 00 00
 (0.099499)  vcan0   12  [3] A9 00 00
 (0.000633)  vcan0   13  [3] A9 00 00
 (0.099554)  vcan0   12  [3] AA 00 00
 (0.000787)  vcan0   13  [3] AA 00 00
 (0.099405)  vcan0   12  [3] AB 00 00
 (0.000754)  vcan0   13  [3] AB 00 00
 (0.099433)  vcan0   12  [3] AC 00 00
 (0.000654)  vcan0   13  [3] AC 00 00
 (0.099534)  vcan0   12  [3] AD 00 00
 (0.000644)  vcan0   13  [3] AD 00 00
 (0.099548)  vcan0   12  [3] AE 00 00
 (0.000666)  vcan0   13  [3] AE 00 00
 (0.099525)  vcan0   12  [3] AF 00 00
 (0.000682)  vcan0   13  [3] AF 00 00
 (0.099507)  vcan0   12  [3] B0 00 00
 (0.000715)  vcan0   13  [3] B0 00 00
 (0.099476)  vcan0   12  [3] B1 00 00
 (0.000696)  vcan0   13  [3] B1 00 00
 (0.099492)  vcan0   12  [3] B2 00 00
 (0.000644)  vcan0   13  [3] B2 00 00
 (0.099547)  vcan0   12  [3] B3 00 00
 (0.000633)  vcan0   13  [3] B3 00 00
 (0.099559)  vcan0   12  [3] B4 00 00
 (0.000799)  vcan0   13  [3] B4 00 00
 (0.099394)  vcan0   12  [3] B5 00 00
 (0.000674)  vcan0   13  [3] B5 00 00
 (0.099516)  vcan0   12  [3] B6 00 00
 (0.000713)  vcan0   13  [3] B6 00 00
 (0.099477)  vcan0   12  [3] B7 00 00
 (0.000647)  vcan0   13  [3] B7 00 00
 (0.099539)  vcan0   12  [3] B8 00 00
 (0.000644)  vcan0   13  [3] B8 00 00
 (0.099544)  vcan0   12  [3] B9 00 00
 (0.000659)  vcan0   13  [3] B9 00 00
 (0.099533)  vcan0   12  [3] BA 00 00
 (0.000653)  vcan0   13  [3] BA 00 00
 (0.099543)  vcan0   12  [3] BB 00 00
 (0.000699)  vcan0   13  [3] BB 00 00
 (0.099490)  vcan0   12  [3] BC 00 00
 (0.000668)  vcan0   13  [3] BC 00 00
 (0.099519)  vcan0   12  [3] BD 00 00
 (0.000626)  vcan0   13  [3] BD 00 00
 (0.099562)  vcan0   12  [3] BE 00 00
 (0.000718)  vcan0   13  [3] BE 00 00
 (0.099471)  vcan0   12  [3] BF 00 00
 (0.000686)  vcan0   13  [3] BF 00 00
 (0.099506)  vcan0   12  [3] C0 00 00
 (0.000711)  vcan0   13  [3] C0 00 00
 (0.099482)  vcan0   12  [3] C1 00 00
 (0.000663)  vcan0   13  [3] C1 00 00
 (0.099525)  vcan0   12  [3] C2 00 00
 (0.000643)  vcan0   13  [3] C2 00 00
 (0.099542)  vcan0   12  [3] C3 00 00
 (0.000654)  vcan0   13  [3] C3 00 00
 (0.099538)  vcan0   12  [3] C4 00 00
 (0.000659)  vcan0   13  [3] C4 00 00
 (0.099519)  vcan0   12  [3] C5 00 00
 (0.000713)  vcan0   13  [3] C5 00 00
 (0.099478)  vcan0   12  [3] C6 00 00
 (0.000681)  vcan0   13  [3] C6 00 00
 (0.099509)  vcan0   12  [3] C7 00 00
 (0.000652)  vcan0   13  [3] C7 00 00
 (0.099531)  vcan0   12  [3] C8 00 00
 (0.000687)  vcan0   13  [3] C8 00 00
 (0.099505)  vcan0   12  [3] C9 00 00
 (0.000730)  vcan0   13  [3] C9 00 00
 (0.099458)  vcan0   12  [3] CA 00 00
 (0.000659)  vcan0   13  [3] CA 00 00
 (0.099526)  vcan0   12  [3] CB 00 00
 (0.000705)  vcan0   13  [3] CB 00 00
 (0.099490)  vcan0   12  [3] CC 00 00
 (0.000663)  vcan0   13  [3] CC 00 00
 (0.099532)  vcan0   12  [3] CD 00 00
 (0.000670)  vcan0   13  [3] CD 00 00
 (0.099520)  vcan0   12  [3] CE 00 00
 (0.000655)  vcan0   13  [3] CE 00 00
 (0.099532)  vcan0   12  [3] CF 00 00
 (0.000909)  vcan0   13  [3] CF 00 00
 (0.099280)  vcan0   12  [3] D0 00 00
 (0.000657)  vcan0   13  [3] D0 00 00
 (0.099534)  vcan0   12  [3] D1 00 00
 (0.000639)  vcan0   13  [3] D1 00 00
 (0.099553)  vcan0   12  [3] D2 00 00
 (0.000668)  vcan0   13  [3] D2 00 00
 (0.099523)  vcan0   12  [3] D3 00 00
 (0.000636)  vcan0   13  [3] D3 00 00
 (0.099555)  vcan0   12  [3] D4 00 00
 (0.000744)  vcan0   13  [3] D4 00 00
 (0.099445)  vcan0   12  [3] D5 00 00
 (0.000647)  vcan0   13  [3] D5 00 00
 (0.099537)  vcan0   12  [3] D6 00 00
 (0.000675)  vcan0   13  [3] D6 00 00
 (0.099512)  vcan0   12  [3] D7 00 00
 (0.000682)  vcan0   13  [3] D7 00 00
 (0.099510)  vcan0   12  [3] D8 00 00
 (0.000651)  vcan0   13  [3] D8 00 00
 (0.099543)  vcan0   12  [3] D9 00 00
 (0.000645)  vcan0   13  [3] D9 00 00
 (0.099544)  vcan0   12  [3] DA 00 00
 (0.000680)  vcan0   13  [3] DA 00 00
 (0.099509)  vcan0   12  [3] DB 00 00
 (0.000664)  vcan0   13  [3] DB 00 00
 (0.099524)  vcan0   12  [3] DC 00 00
 (0.000801)  vcan0   13  [3] DC 00 00
 (0.099391)  vcan0   12  [3] DD 00 00
 (0.003305)  vcan0   13  [3] DD 00 00
 (0.096887)  vcan0   12  [3] DE 00 00
 (0.000730)  vcan0   13  [3] DE 00 00
 (0.099460)  vcan0   12  [3] DF 00 00
 (0.000666)  vcan0   13  [3] DF 00 00
 (0.099525)  vcan0   12  [3] E0 00 00
 (0.000706)  vcan0   13  [3] E0 00 00
 (0.099484)  vcan0   12  [3] E1 00 00
 (0.000648)  vcan0   13  [3] E1 00 00
 (0.099543)  vcan0   12  [3] E2 00 00
 (0.000645)  vcan0   13  [3] E2 00 00
 (0.099541)  vcan0   12  [3] E3 00 00
 (0.000680)  vcan0   13  [3] E3 00 00
 (0.099512)  vcan0   12  [3] E4 00 00
 (0.000665)  vcan0   13  [3] E4 00 00
 (0.099523)  vcan0   12  [3] E5 00 00
 (0.000696)  vcan0   13  [3] E5 00 00
 (0.099493)  vcan0   12  [3] E6 00 00
 (0.000695)  vcan0   13  [3] E6 00 00
 (0.099493)  vcan0   12  [3] E7 00 00
 (0.000645)  vcan0   13  [3] E7 00 00
 (0.099545)  vcan0   12  [3] E8 00 00
 (0.000647)  vcan0   13  [3] E8 00 00
 (0.099544)  vcan0   12  [3] E9 00 00
 (0.000655)  vcan0   13  [3] E9 00 00
 (0.099537)  vcan0   12  [3] EA 00 00
 (0.000755)  vcan0   13  [3] EA 00 00
 (0.099440)  vcan0   12  [3] EB 00 00
 (0.000650)  vcan0   13  [3] EB 00 00
 (0.099542)  vcan0   12  [3] EC 00 00
 (0.000650)  vcan0   13  [3] EC 00 00
 (0.099544)  vcan0   12  [3] ED 00 00
 (0.000659)  vcan0   13  [3] ED 00 00
 (0.099532)  vcan0   12  [3] EE 00 00
 (0.000649)  vcan0   13  [3] EE 00 00
 (0.099543)  vcan0   12  [3] EF 00 00
 (0.000705)  vcan0   13  [3] EF 00 00
 (0.099485)  vcan0   12  [3] F0 00 00
 (0.000688)  vcan0   13  [3] F0 00 00
 (0.099507)  vcan0   12  [3] F1 00 00
 (0.000638)  vcan0   13  [3] F1 00 00
 (0.099553)  vcan0   12  [3] F2 00 00
 (0.000645)  vcan0   13  [3] F2 00 00
 (0.099546)  vcan0   12  [3] F3 00 00
 (0.000734)  vcan0   13  [3] F3 00 00
 (0.099453)  vcan0   12  [3] F4 00 00
 (0.000657)  vcan0   13  [3] F4 00 00
 (0.099532)  vcan0   12  [3] F5 00 00
 (0.000710)  vcan0   13  [3] F5 00 00
 (0.099480)  vcan0   12  [3] F6 00 00
 (0.000658)  vcan0   13  [3] F6 00 00
 (0.099531)  vcan0   12  [3] F7 00 00
 (0.000649)  vcan0   13  [3] F7 00 00
 (0.099538)  vcan0   12  [3] F8 00 00
 (0.000652)  vcan0   13  [3] F8 00 00
 (0.099535)  vcan0   12  [3] F9 00 00
 (0.000655)  vcan0   13  [3] F9 00 00
 (0.099533)  vcan0   12  [3] FA 00 00
 (0.000666)  vcan0   13  [3] FA 00 00
 (0.099524)  vcan0   12  [3] FB 00 00
 (0.000658)  vcan0   13  [3] FB 00 00
 (0.099534)  vcan0   12  [3] FC 00 00
 (0.000663)  vcan0   13  [3] FC 00 00
 (0.099529)  vcan0   12  [3] FD 00 00
 (0.000646)  vcan0   13  [3] FD 00 00
 (0.099542)  vcan0   12  [3] FE 00 00
 (0.000663)  vcan0   13  [3] FE 00 00
 (0.099523)  vcan0   12  [3] FF 00 00
 (0.000647)  vcan0   13  [3] FF 00 00
 (0.099541)  vcan0   12  [3] 00 01 00
 (0.000634)  vcan0   13  [3] 00 01 00
 (0.099550)  vcan0   12  [3] 01 01 00
 (0.000642)  vcan0   13  [3] 01 01 00
 (0.099549)  vcan0   12  [3] 02 01 00
 (0.000663)  vcan0   13  [3] 02 01 00
 (0.099530)  vcan0   12  [3] 03 01 00
 (0.000653)  vcan0   13  [3] 03 01 00
 (0.099537)  vcan0   12  [3] 04 01 00
 (0.000677)  vcan0   13  [3] 04 01 00
 (0.099511)  vcan0   12  [3] 05 01 00
 (0.000661)  vcan0   13  [3] 05 01 00
 (0.099529)  vcan0   12  [3] 06 01 00
 (0.000656)  vcan0   13  [3] 06 01 00
 (0.099532)  vcan0   12  [3] 07 01 00
 (0.000640)  vcan0   13  [3] 07 01 00
 (0.099553)  vcan0   12  [3] 08 01 00
 (0.000748)  vcan0   13  [3] 08 01 00
 (0.099447)  vcan0   12  [3] 09 01 00
 (0.000664)  vcan0   13  [3] 09 01 00
 (0.099523)  vcan0   12  [3] 0A 01 00
 (0.000709)  vcan0   13  [3] 0A 01 00
 (0.099480)  vcan0   12  [3] 0B 01 00
 (0.000661)  vcan0   13  [3] 0B 01 00
 (0.099529)  vcan0   12  [3] 0C 01 00
 (0.000647)  vcan0   13  [3] 0C 01 00
 (0.099538)  vcan0   12  [3] 0D 01 00
 (0.000659)  vcan0   13  [3] 0D 01 00
 (0.099533)  vcan0   12  [3] 0E 01 00
 (0.000731)  vcan0   13  [3] 0E 01 00
 (0.099462)  vcan0   12  [3] 0F 01 00
 (0.000739)  vcan0   13  [3] 0F 01 00
 (0.099450)  vcan0   12  [3] 10 01 00
 (0.000641)  vcan0   13  [3] 10 01 00
 (0.099555)  vcan0   12  [3] 11 01 00
 (0.000657)  vcan0   13  [3] 11 01 00
 (0.099526)  vcan0   12  [3] 12 01 00
 (0.000706)  vcan0   13  [3] 12 01 00
 (0.099480)  vcan0   12  [3] 13 01 00
 (0.000647)  vcan0   13  [3] 13 01 00
 (0.099541)  vcan0   12  [3] 14 01 00
 (0.000663)  vcan0   13  [3] 14 01 00
 (0.099532)  vcan0   12  [3] 15 01 00
 (0.000664)  vcan0   13  [3] 15 01 00
 (0.099526)  vcan0   12  [3] 16 01 00
 (0.000648)  vcan0   13  [3] 16 01 00
 (0.099541)  vcan0   12  [3] 17 01 00
 (0.000649)  vcan0   13  [3] 17 01 00
 (0.099540)  vcan0   12  [3] 18 01 00
 (0.000656)  vcan0   13  [3] 18 01 00
 (0.099527)  vcan0   12  [3] 19 01 00
 (0.000659)  vcan0   13  [3] 19 01 00
 (0.099529)  vcan0   12  [3] 1A 01 00
 (0.000649)  vcan0   13  [3] 1A 01 00
 (0.099542)  vcan0   12  [3] 1B 01 00
 (0.000654)  vcan0   13  [3] 1B 01 00
 (0.099538)  vcan0   12  [3] 1C 01 00
 (0.000659)  vcan0   13  [3] 1C 01 00
 (0.099531)  vcan0   12  [3] 1D 01 00
 (0.000735)  vcan0   13  [3] 1D 01 00
 (0.099456)  vcan0   12  [3] 1E 01 00
 (0.000679)  vcan0   13  [3] 1E 01 00
 (0.099510)  vcan0   12  [3] 1F 01 00
 (0.000653)  vcan0   13  [3] 1F 01 00
 (0.099536)  vcan0   12  [3] 20 01 00
 (0.000651)  vcan0   13  [3] 20 01 00
 (0.099544)  vcan0   12  [3] 21 01 00
 (0.000634)  vcan0   13  [3] 21 01 00
 (0.099555)  vcan0   12  [3] 22 01 00
 (0.000657)  vcan0   13  [3] 22 01 00
 (0.099534)  vcan0   12  [3] 23 01 00
 (0.000642)  vcan0   13  [3] 23 01 00
 (0.099549)  vcan0   12  [3] 24 01 00
 (0.000644)  vcan0   13  [3] 24 01 00
 (0.099547)  vcan0   12  [3] 25 01 00
 (0.000649)  vcan0   13  [3] 25 01 00
 (0.099542)  vcan0   12  [3] 26 01 00
 (0.000664)  vcan0   13  [3] 26 01 00
 (0.099529)  vcan0   12  [3] 27 01 00
 (0.000633)  vcan0   13  [3] 27 01 00
 (0.099554)  vcan0   12  [3] 28 01 00
 (0.000666)  vcan0   13  [3] 28 01 00
 (0.099525)  vcan0   12  [3] 29 01 00
 (0.000643)  vcan0   13  [3] 29 01 00
 (0.099548)  vcan0   12  [3] 2A 01 00
 (0.000649)  vcan0   13  [3] 2A 01 00
 (0.099542)  vcan0   12  [3] 2B 01 00
 (0.000681)  vcan0   13  [3] 2B 01 00
 (0.099512)  vcan0   12  [3] 2C 01 00
 (0.000664)  vcan0   13  [3] 2C 01 00
 (0.099531)  vcan0   12  [3] 2D 01 00
 (0.000653)  vcan0   13  [3] 2D 01 00
 (0.099537)  vcan0   12  [3] 2E 01 00
 (0.000674)  vcan0   13  [3] 2E 01 00
 (0.099516)  vcan0   12  [3] 2F 01 00
 (0.000707)  vcan0   13  [3] 2F 01 00
 (0.099483)  vcan0   12  [3] 30 01 00
 (0.000646)  vcan0   13  [3] 30 01 00
 (0.099540)  vcan0   12  [3] 31 01 00
 (0.000647)  vcan0   13  [3] 31 01 00
 (0.099542)  vcan0   12  [3] 32 01 00
 (0.000741)  vcan0   13  [3] 32 01 00
 (0.099449)  vcan0   12  [3] 33 01 00
 (0.000678)  vcan0   13  [3] 33 01 00
 (0.099514)  vcan0   12  [3] 34 01 00
 (0.000747)  vcan0   13  [3] 34 01 00
 (0.099442)  vcan0   12  [3] 35 01 00
 (0.000642)  vcan0   13  [3] 35 01 00
 (0.099547)  vcan0   12  [3] 36 01 00
 (0.000657)  vcan0   13  [3] 36 01 00
 (0.099532)  vcan0   12  [3] 37 01 00
 (0.000644)  vcan0   13  [3] 37 01 00
 (0.099544)  vcan0   12  [3] 38 01 00
 (0.000658)  vcan0   13  [3] 38 01 00
 (0.099531)  vcan0   12  [3] 39 01 00
 (0.000636)  vcan0   13  [3] 39 01 00
 (0.099552)  vcan0   12  [3] 3A 01 00
 (0.000676)  vcan0   13  [3] 3A 01 00
 (0.099520)  vcan0   12  [3] 3B 01 00
 (0.000662)  vcan0   13  [3] 3B 01 00
 (0.099532)  vcan0   12  [3] 3C 01 00
 (0.000654)  vcan0   13  [3] 3C 01 00
 (0.099536)  vcan0   12  [3] 3D 01 00
 (0.000644)  vcan0   13  [3] 3D 01 00
 (0.099543)  vcan0   12  [3] 3E 01 00
 (0.000666)  vcan0   13  [3] 3E 01 00
 (0.099527)  vcan0   12  [3] 3F 01 00
 (0.000645)  vcan0   13  [3] 3F 01 00
 (0.099546)  vcan0   12  [3] 40 01 00
 (0.000721)  vcan0   13  [3] 40 01 00
 (0.099470)  vcan0   12  [3] 41 01 00
 (0.000664)  vcan0   13  [3] 41 01 00
 (0.099528)  vcan0   12  [3] 42 01 00
 (0.000644)  vcan0   13  [3] 42 01 00
 (0.099547)  vcan0   12  [3] 43 01 00
 (0.000676)  vcan0   13  [3] 43 01 00
 (0.099514)  vcan0   12  [3] 44 01 00
 (0.000691)  vcan0   13  [3] 44 01 00
 (0.099501)  vcan0   12  [3] 45 01 00
 (0.000641)  vcan0   13  [3] 45 01 00
 (0.099552)  vcan0   12  [3] 46 01 00
 (0.000658)  vcan0   13  [3] 46 01 00
 (0.099534)  vcan0   12  [3] 47 01 00
 (0.000749)  vcan0   13  [3] 47 01 00
 (0.099441)  vcan0   12  [3] 48 01 00
 (0.000675)  vcan0   13  [3] 48 01 00
 (0.099516)  vcan0   12  [3] 49 01 00
 (0.000658)  vcan0   13  [3] 49 01 00
 (0.099531)  vcan0   12  [3] 4A 01 00
 (0.000656)  vcan0   13  [3] 4A 01 00
 (0.099533)  vcan0   12  [3] 4B 01 00
 (0.000651)  vcan0   13  [3] 4B 01 00
 (0.099542)  vcan0   12  [3] 4C 01 00
 (0.000642)  vcan0   13  [3] 4C 01 00
 (0.099551)  vcan0   12  [3] 4D 01 00
 (0.000709)  vcan0   13  [3] 4D 01 00
 (0.099485)  vcan0   12  [3] 4E 01 00
 (0.000658)  vcan0   13  [3] 4E 01 00
 (0.099532)  vcan0   12  [3] 4F 01 00
 (0.000638)  vcan0   13  [3] 4F 01 00
